<?xml version="1.0" encoding="UTF-8"?>
<testng-results ignored="0" total="2" passed="2" failed="0" skipped="0">
  <reporter-output>
  </reporter-output>
  <suite started-at="2026-02-14T15:39:01 IST" name="Automation Suite" finished-at="2026-02-14T15:39:04 IST" duration-ms="3396">
    <groups>
      <group name="smoke">
        <method signature="LoginUITest.verifyLoginPageTtitle()[pri:0, instance:com.lightwonder.qa.LoginUITest@66d3eec0]" name="verifyLoginPageTtitle" class="com.lightwonder.qa.LoginUITest"/>
      </group> <!-- smoke -->
    </groups>
    <test started-at="2026-02-14T15:39:01 IST" name="All Tests" finished-at="2026-02-14T15:39:04 IST" duration-ms="3396">
      <class name="com.lightwonder.qa.UserAPITest">
        <test-method signature="verfiyGetUsersAPI()[pri:0, instance:com.lightwonder.qa.UserAPITest@52af26ee]" started-at="2026-02-14T15:39:01 IST" name="verfiyGetUsersAPI" finished-at="2026-02-14T15:39:04 IST" duration-ms="3339" status="PASS">
          <reporter-output>
          </reporter-output>
        </test-method> <!-- verfiyGetUsersAPI -->
      </class> <!-- com.lightwonder.qa.UserAPITest -->
      <class name="com.lightwonder.qa.LoginUITest">
        <test-method signature="verifyLoginPageTtitle()[pri:0, instance:com.lightwonder.qa.LoginUITest@66d3eec0]" started-at="2026-02-14T15:39:01 IST" name="verifyLoginPageTtitle" finished-at="2026-02-14T15:39:01 IST" duration-ms="12" status="PASS">
          <reporter-output>
          </reporter-output>
        </test-method> <!-- verifyLoginPageTtitle -->
      </class> <!-- com.lightwonder.qa.LoginUITest -->
    </test> <!-- All Tests -->
  </suite> <!-- Automation Suite -->
</testng-results>
